Building DAG of jobs...
Using shell: /bin/bash
Provided cores: 8
Rules claiming more threads will be scaled down.
Job counts:
	count	jobs
	1	first_try
	1

[Sat Jul 11 12:55:37 2020]
rule first_try:
    input: Mendelian.txt
    output: features.txtfolds.txtlabels.txt
    jobid: 0

RuleException in line 1 of /Users/Lusine/Documents/Masterarbeit/Code/Snakemake/Snakefile:
'OutputFiles' object has no attribute 'features'
  File "/Users/Lusine/opt/anaconda3/lib/python3.7/site-packages/snakemake/executors/__init__.py", line 115, in run_jobs
  File "/Users/Lusine/opt/anaconda3/lib/python3.7/site-packages/snakemake/executors/__init__.py", line 402, in run
  File "/Users/Lusine/opt/anaconda3/lib/python3.7/site-packages/snakemake/executors/__init__.py", line 203, in _run
  File "/Users/Lusine/opt/anaconda3/lib/python3.7/site-packages/snakemake/executors/__init__.py", line 131, in _run
  File "/Users/Lusine/opt/anaconda3/lib/python3.7/site-packages/snakemake/executors/__init__.py", line 137, in printjob
