Building DAG of jobs...
Using shell: /bin/bash
Provided cores: 1 (use --cores to define parallelism)
Rules claiming more threads will be scaled down.
Job counts:
	count	jobs
	1	all
	1	get_features
	1	get_folds
	1	get_labels
	4

[Sat Jul 11 16:09:09 2020]
rule get_features:
    input: Mendelian.txt
    output: features.txt
    jobid: 1

[Sat Jul 11 16:09:09 2020]
Finished job 1.
1 of 4 steps (25%) done

[Sat Jul 11 16:09:09 2020]
rule get_folds:
    input: Mendelian.txt
    output: folds.txt
    jobid: 2

[Sat Jul 11 16:09:09 2020]
Finished job 2.
2 of 4 steps (50%) done

[Sat Jul 11 16:09:09 2020]
rule get_labels:
    input: Mendelian.txt
    output: labels.txt
    jobid: 3

[Sat Jul 11 16:09:09 2020]
Finished job 3.
3 of 4 steps (75%) done

[Sat Jul 11 16:09:09 2020]
localrule all:
    input: features.txt, folds.txt, labels.txt
    jobid: 0

[Sat Jul 11 16:09:09 2020]
Finished job 0.
4 of 4 steps (100%) done
Complete log: /Users/Lusine/Documents/Masterarbeit/Code/Snakemake/.snakemake/log/2020-07-11T160909.413324.snakemake.log
