Building DAG of jobs...
Using shell: /bin/bash
Provided cores: 8
Rules claiming more threads will be scaled down.
Job counts:
	count	jobs
	1	first_try
	1

[Sat Jul 11 15:03:14 2020]
rule first_try:
    input: Mendelian.txt
    output: features.txt, folds.txt, labels.txt
    jobid: 0

RuleException in line 1 of /Users/Lusine/Documents/Masterarbeit/Code/Snakemake/Snakefile:
NameError: The name 'features' is unknown in this context. Please make sure that you defined that variable. Also note that braces not used for variable access have to be escaped by repeating them, i.e. {{print $1}}
  File "/Users/Lusine/opt/anaconda3/lib/python3.7/site-packages/snakemake/executors/__init__.py", line 115, in run_jobs
  File "/Users/Lusine/opt/anaconda3/lib/python3.7/site-packages/snakemake/executors/__init__.py", line 402, in run
  File "/Users/Lusine/opt/anaconda3/lib/python3.7/site-packages/snakemake/executors/__init__.py", line 203, in _run
  File "/Users/Lusine/opt/anaconda3/lib/python3.7/site-packages/snakemake/executors/__init__.py", line 131, in _run
  File "/Users/Lusine/opt/anaconda3/lib/python3.7/site-packages/snakemake/executors/__init__.py", line 137, in printjob
