Building DAG of jobs...
Using shell: /bin/bash
Provided cores: 1 (use --cores to define parallelism)
Rules claiming more threads will be scaled down.
Job counts:
	count	jobs
	1	all
	1	run_parSMURF
	2

[Wed Jul 15 17:30:48 2020]
rule run_parSMURF:
    input: features.txt, folds.txt, labels.txt
    output: temp.txt
    jobid: 1

[Wed Jul 15 17:30:48 2020]
Finished job 1.
1 of 2 steps (50%) done

[Wed Jul 15 17:30:48 2020]
localrule all:
    input: temp.txt
    jobid: 0

[Wed Jul 15 17:30:48 2020]
Finished job 0.
2 of 2 steps (100%) done
Complete log: /Users/Lusine/Documents/Masterarbeit/Code/Snakemake/.snakemake/log/2020-07-15T173048.209682.snakemake.log
