Building DAG of jobs...
Using shell: /bin/bash
Provided cores: 1 (use --cores to define parallelism)
Rules claiming more threads will be scaled down.
Job counts:
	count	jobs
	1	all
	1	train_parSMURF
	2

[Wed Jul 15 15:22:23 2020]
rule train_parSMURF:
    input: features.txt, folds.txt, labels.txt
    output: predictions.txt
    jobid: 1

[Wed Jul 15 15:22:23 2020]
Error in rule train_parSMURF:
    jobid: 1
    output: predictions.txt
    shell:
        
	cd /Users/Lusine/Documents/Masterarbeit/Code/parSMURF
	./parSMURF1 --cfg ../cfgEx/train_test.json  	
		
        (one of the commands exited with non-zero exit code; note that snakemake uses bash strict mode!)

Shutting down, this might take some time.
Exiting because a job execution failed. Look above for error message
Complete log: /Users/Lusine/Documents/Masterarbeit/Code/Snakemake/.snakemake/log/2020-07-15T152223.488332.snakemake.log
