Building DAG of jobs...
Using shell: /bin/bash
Provided cores: 1 (use --cores to define parallelism)
Rules claiming more threads will be scaled down.
Job counts:
	count	jobs
	1	all
	1	make_parSMURF
	1	run_parSMURF
	3

[Wed Jul 15 17:17:02 2020]
rule make_parSMURF:
    output: temp.txt
    jobid: 2

[Wed Jul 15 17:17:02 2020]
Error in rule make_parSMURF:
    jobid: 2
    output: temp.txt
    shell:
        
		cd /Users/Lusine/Documents/Masterarbeit/Code/parSMURF/;
		mkdir build;
		cd build;
		cmake ../src;
		make -j 4
		
        (one of the commands exited with non-zero exit code; note that snakemake uses bash strict mode!)

Shutting down, this might take some time.
Exiting because a job execution failed. Look above for error message
Complete log: /Users/Lusine/Documents/Masterarbeit/Code/Snakemake/.snakemake/log/2020-07-15T171702.090559.snakemake.log
