Building DAG of jobs...
Using shell: /bin/bash
Provided cores: 1 (use --cores to define parallelism)
Rules claiming more threads will be scaled down.
Job counts:
	count	jobs
	1	all
	1	run_parSMURF
	2

[Wed Jul 15 17:27:43 2020]
rule run_parSMURF:
    input: features.txt, folds.txt, labels.txt
    output: temp.txt
    jobid: 1

[Wed Jul 15 17:27:44 2020]
Error in rule run_parSMURF:
    jobid: 1
    output: temp.txt
    shell:
        
	cd /Users/Lusine/Documents/Masterarbeit/Code/parSMURF/build;
	./parSMURF1 --cfg ../cfgEx/dataFromFile_test.json  ;

	features.txt folds.txt labels.txt > temp.txt 

		
        (one of the commands exited with non-zero exit code; note that snakemake uses bash strict mode!)

Shutting down, this might take some time.
Exiting because a job execution failed. Look above for error message
Complete log: /Users/Lusine/Documents/Masterarbeit/Code/Snakemake/.snakemake/log/2020-07-15T172743.838501.snakemake.log
